-- Found ament_cmake: 2.5.4 (/opt/ros/jazzy/share/ament_cmake/cmake)
-- Override CMake install command with custom implementation using symlinks instead of copying resources
-- Found rclcpp: 28.1.10 (/opt/ros/jazzy/share/rclcpp/cmake)
-- Found rosidl_generator_c: 4.6.5 (/opt/ros/jazzy/share/rosidl_generator_c/cmake)
-- Found rosidl_generator_cpp: 4.6.5 (/opt/ros/jazzy/share/rosidl_generator_cpp/cmake)
-- Using all available rosidl_typesupport_c: rosidl_typesupport_fastrtps_c;rosidl_typesupport_introspection_c
-- Using all available rosidl_typesupport_cpp: rosidl_typesupport_fastrtps_cpp;rosidl_typesupport_introspection_cpp
-- Found rmw_implementation_cmake: 7.3.2 (/opt/ros/jazzy/share/rmw_implementation_cmake/cmake)
-- Found rmw_fastrtps_cpp: 8.4.2 (/opt/ros/jazzy/share/rmw_fastrtps_cpp/cmake)
-- Using RMW implementation 'rmw_fastrtps_cpp' as default
-- Found nav_msgs: 5.3.6 (/opt/ros/jazzy/share/nav_msgs/cmake)
-- Found ament_lint_auto: 0.17.2 (/opt/ros/jazzy/share/ament_lint_auto/cmake)
-- Added test 'cppcheck' to perform static code analysis on C / C++ code
-- Configured cppcheck include dirs: 
-- Configured cppcheck exclude dirs and/or files: 
-- Added test 'lint_cmake' to check CMake code style
-- Added test 'uncrustify' to check C / C++ code style
-- Configured uncrustify additional arguments: 
-- Added test 'xmllint' to check XML markup files
-- Configuring done (0.9s)
-- Generating done (0.1s)
-- Build files have been written to: /home/neel/ros2_ws/build/quadrotor_nmpc
[ 33%] [32mBuilding CXX object CMakeFiles/nmpc_controller_node.dir/src/fake_odom_publisher.cpp.o[0m
[ 66%] [32m[1mLinking CXX executable nmpc_controller_node[0m
/usr/bin/ld: CMakeFiles/nmpc_controller_node.dir/src/fake_odom_publisher.cpp.o: in function `main':
fake_odom_publisher.cpp:(.text+0x69): multiple definition of `main'; CMakeFiles/nmpc_controller_node.dir/src/nmpc_controller_node.cpp.o:nmpc_controller_node.cpp:(.text+0x69): first defined here
collect2: error: ld returned 1 exit status
gmake[2]: *** [CMakeFiles/nmpc_controller_node.dir/build.make:201: nmpc_controller_node] Error 1
gmake[1]: *** [CMakeFiles/Makefile2:137: CMakeFiles/nmpc_controller_node.dir/all] Error 2
gmake: *** [Makefile:146: all] Error 2
