[0.065s] Invoking command in '/home/neel/ros2_ws/build/quadrotor_nmpc': CMAKE_PREFIX_PATH=${CMAKE_PREFIX_PATH}:/opt/ros/jazzy DEBUGINFOD_URLS=https://debuginfod.ubuntu.com /usr/bin/cmake --build /home/neel/ros2_ws/build/quadrotor_nmpc -- -j4 -l4
[0.207s] [ 50%] [32mBuilding CXX object CMakeFiles/nmpc_controller_node.dir/src/nmpc_controller_node.cpp.o[0m
[0.488s] [01m[K/home/neel/ros2_ws/src/quadrotor_nmpc/src/nmpc_controller_node.cpp:2:9:[m[K [01;31m[Kfatal error: [m[Knav_msgs/msg/odometry.hpp: No such file or directory
[0.488s]     2 | #include[01;31m[K"nav_msgs/msg/odometry.hpp"[m[K
[0.488s]       |         [01;31m[K^~~~~~~~~~~~~~~~~~~~~~~~~~~[m[K
[0.488s] compilation terminated.
[0.496s] gmake[2]: *** [CMakeFiles/nmpc_controller_node.dir/build.make:76: CMakeFiles/nmpc_controller_node.dir/src/nmpc_controller_node.cpp.o] Error 1
[0.497s] gmake[1]: *** [CMakeFiles/Makefile2:137: CMakeFiles/nmpc_controller_node.dir/all] Error 2
[0.499s] gmake: *** [Makefile:146: all] Error 2
[0.502s] Invoked command in '/home/neel/ros2_ws/build/quadrotor_nmpc' returned '2': CMAKE_PREFIX_PATH=${CMAKE_PREFIX_PATH}:/opt/ros/jazzy DEBUGINFOD_URLS=https://debuginfod.ubuntu.com /usr/bin/cmake --build /home/neel/ros2_ws/build/quadrotor_nmpc -- -j4 -l4
