[01m[K/home/neel/ros2_ws/src/quadrotor_nmpc/src/nmpc_controller_node.cpp:[m[K In constructor â€˜[01m[KNmpcControllerNode::[01;32m[KNmpcControllerNode[m[K()[m[Kâ€™:
[01m[K/home/neel/ros2_ws/src/quadrotor_nmpc/src/nmpc_controller_node.cpp:11:47:[m[K [01;31m[Kerror: [m[Kinvalid use of non-static member function â€˜[01m[Kvoid NmpcControllerNode::[01;32m[Kcontrol_loop[m[K()[m[Kâ€™
   11 |                 std::bind([01;31m[KNmpcControllerNode::control_loop[m[K, this));
      |                           [01;31m[K~~~~~~~~~~~~~~~~~~~~^~~~~~~~~~~~[m[K
[01m[K/home/neel/ros2_ws/src/quadrotor_nmpc/src/nmpc_controller_node.cpp:18:14:[m[K [01;36m[Knote: [m[Kdeclared here
   18 |         void [01;36m[Kcontrol_loop[m[K(){
      |              [01;36m[K^~~~~~~~~~~~[m[K
gmake[2]: *** [CMakeFiles/nmpc_controller_node.dir/build.make:76: CMakeFiles/nmpc_controller_node.dir/src/nmpc_controller_node.cpp.o] Error 1
gmake[1]: *** [CMakeFiles/Makefile2:137: CMakeFiles/nmpc_controller_node.dir/all] Error 2
gmake: *** [Makefile:146: all] Error 2
