-- Found ament_cmake: 2.5.4 (/opt/ros/jazzy/share/ament_cmake/cmake)
-- Override CMake install command with custom implementation using symlinks instead of copying resources
-- Found rclcpp: 28.1.10 (/opt/ros/jazzy/share/rclcpp/cmake)
-- Found rosidl_generator_c: 4.6.5 (/opt/ros/jazzy/share/rosidl_generator_c/cmake)
-- Found rosidl_generator_cpp: 4.6.5 (/opt/ros/jazzy/share/rosidl_generator_cpp/cmake)
-- Using all available rosidl_typesupport_c: rosidl_typesupport_fastrtps_c;rosidl_typesupport_introspection_c
-- Using all available rosidl_typesupport_cpp: rosidl_typesupport_fastrtps_cpp;rosidl_typesupport_introspection_cpp
-- Found rmw_implementation_cmake: 7.3.2 (/opt/ros/jazzy/share/rmw_implementation_cmake/cmake)
-- Found rmw_fastrtps_cpp: 8.4.2 (/opt/ros/jazzy/share/rmw_fastrtps_cpp/cmake)
-- Using RMW implementation 'rmw_fastrtps_cpp' as default
-- Found nav_msgs: 5.3.6 (/opt/ros/jazzy/share/nav_msgs/cmake)
-- Found ament_lint_auto: 0.17.2 (/opt/ros/jazzy/share/ament_lint_auto/cmake)
-- Added test 'cppcheck' to perform static code analysis on C / C++ code
-- Configured cppcheck include dirs: 
-- Configured cppcheck exclude dirs and/or files: 
-- Added test 'lint_cmake' to check CMake code style
-- Added test 'uncrustify' to check C / C++ code style
-- Configured uncrustify additional arguments: 
-- Added test 'xmllint' to check XML markup files
-- Configuring done (1.0s)
-- Generating done (0.0s)
-- Build files have been written to: /home/neel/ros2_ws/build/quadrotor_nmpc
[ 50%] [32mBuilding CXX object CMakeFiles/nmpc_controller_node.dir/src/nmpc_controller_node.cpp.o[0m
[01m[K/home/neel/ros2_ws/src/quadrotor_nmpc/src/nmpc_controller_node.cpp:[m[K In constructor â€˜[01m[KNmpcControllerNode::[01;32m[KNmpcControllerNode[m[K()[m[Kâ€™:
[01m[K/home/neel/ros2_ws/src/quadrotor_nmpc/src/nmpc_controller_node.cpp:11:47:[m[K [01;31m[Kerror: [m[Kinvalid use of non-static member function â€˜[01m[Kvoid NmpcControllerNode::[01;32m[Kcontrol_loop[m[K()[m[Kâ€™
   11 |                 std::bind([01;31m[KNmpcControllerNode::control_loop[m[K, this));
      |                           [01;31m[K~~~~~~~~~~~~~~~~~~~~^~~~~~~~~~~~[m[K
[01m[K/home/neel/ros2_ws/src/quadrotor_nmpc/src/nmpc_controller_node.cpp:18:14:[m[K [01;36m[Knote: [m[Kdeclared here
   18 |         void [01;36m[Kcontrol_loop[m[K(){
      |              [01;36m[K^~~~~~~~~~~~[m[K
gmake[2]: *** [CMakeFiles/nmpc_controller_node.dir/build.make:76: CMakeFiles/nmpc_controller_node.dir/src/nmpc_controller_node.cpp.o] Error 1
gmake[1]: *** [CMakeFiles/Makefile2:137: CMakeFiles/nmpc_controller_node.dir/all] Error 2
gmake: *** [Makefile:146: all] Error 2
