[0.038s] Invoking command in '/home/neel/ros2_ws/build/quadrotor_nmpc': CMAKE_PREFIX_PATH=${CMAKE_PREFIX_PATH}:/opt/ros/jazzy DEBUGINFOD_URLS=https://debuginfod.ubuntu.com /usr/bin/cmake --build /home/neel/ros2_ws/build/quadrotor_nmpc -- -j4 -l4
[0.086s] -- Found ament_cmake: 2.5.4 (/opt/ros/jazzy/share/ament_cmake/cmake)
[0.599s] -- Override CMake install command with custom implementation using symlinks instead of copying resources
[0.609s] -- Found rclcpp: 28.1.10 (/opt/ros/jazzy/share/rclcpp/cmake)
[0.668s] -- Found rosidl_generator_c: 4.6.5 (/opt/ros/jazzy/share/rosidl_generator_c/cmake)
[0.678s] -- Found rosidl_generator_cpp: 4.6.5 (/opt/ros/jazzy/share/rosidl_generator_cpp/cmake)
[0.689s] -- Using all available rosidl_typesupport_c: rosidl_typesupport_fastrtps_c;rosidl_typesupport_introspection_c
[0.702s] -- Using all available rosidl_typesupport_cpp: rosidl_typesupport_fastrtps_cpp;rosidl_typesupport_introspection_cpp
[0.761s] -- Found rmw_implementation_cmake: 7.3.2 (/opt/ros/jazzy/share/rmw_implementation_cmake/cmake)
[0.764s] -- Found rmw_fastrtps_cpp: 8.4.2 (/opt/ros/jazzy/share/rmw_fastrtps_cpp/cmake)
[0.851s] -- Using RMW implementation 'rmw_fastrtps_cpp' as default
[0.916s] -- Found nav_msgs: 5.3.6 (/opt/ros/jazzy/share/nav_msgs/cmake)
[0.970s] -- Found ament_lint_auto: 0.17.2 (/opt/ros/jazzy/share/ament_lint_auto/cmake)
[1.089s] -- Added test 'cppcheck' to perform static code analysis on C / C++ code
[1.089s] -- Configured cppcheck include dirs: 
[1.090s] -- Configured cppcheck exclude dirs and/or files: 
[1.090s] -- Added test 'lint_cmake' to check CMake code style
[1.090s] -- Added test 'uncrustify' to check C / C++ code style
[1.091s] -- Configured uncrustify additional arguments: 
[1.092s] -- Added test 'xmllint' to check XML markup files
[1.092s] -- Configuring done (1.0s)
[1.161s] -- Generating done (0.0s)
[1.170s] -- Build files have been written to: /home/neel/ros2_ws/build/quadrotor_nmpc
[1.273s] [ 50%] [32mBuilding CXX object CMakeFiles/nmpc_controller_node.dir/src/nmpc_controller_node.cpp.o[0m
[4.554s] [01m[K/home/neel/ros2_ws/src/quadrotor_nmpc/src/nmpc_controller_node.cpp:[m[K In constructor â€˜[01m[KNmpcControllerNode::[01;32m[KNmpcControllerNode[m[K()[m[Kâ€™:
[4.554s] [01m[K/home/neel/ros2_ws/src/quadrotor_nmpc/src/nmpc_controller_node.cpp:11:47:[m[K [01;31m[Kerror: [m[Kinvalid use of non-static member function â€˜[01m[Kvoid NmpcControllerNode::[01;32m[Kcontrol_loop[m[K()[m[Kâ€™
[4.554s]    11 |                 std::bind([01;31m[KNmpcControllerNode::control_loop[m[K, this));
[4.554s]       |                           [01;31m[K~~~~~~~~~~~~~~~~~~~~^~~~~~~~~~~~[m[K
[4.554s] [01m[K/home/neel/ros2_ws/src/quadrotor_nmpc/src/nmpc_controller_node.cpp:18:14:[m[K [01;36m[Knote: [m[Kdeclared here
[4.555s]    18 |         void [01;36m[Kcontrol_loop[m[K(){
[4.555s]       |              [01;36m[K^~~~~~~~~~~~[m[K
[5.268s] gmake[2]: *** [CMakeFiles/nmpc_controller_node.dir/build.make:76: CMakeFiles/nmpc_controller_node.dir/src/nmpc_controller_node.cpp.o] Error 1
[5.270s] gmake[1]: *** [CMakeFiles/Makefile2:137: CMakeFiles/nmpc_controller_node.dir/all] Error 2
[5.270s] gmake: *** [Makefile:146: all] Error 2
[5.275s] Invoked command in '/home/neel/ros2_ws/build/quadrotor_nmpc' returned '2': CMAKE_PREFIX_PATH=${CMAKE_PREFIX_PATH}:/opt/ros/jazzy DEBUGINFOD_URLS=https://debuginfod.ubuntu.com /usr/bin/cmake --build /home/neel/ros2_ws/build/quadrotor_nmpc -- -j4 -l4
